0 info it worked if it ends with ok
1 verbose cli [ '/usr/local/Cellar/node/0.10.24/bin/node',
1 verbose cli   '/usr/local/bin/npm',
1 verbose cli   'install',
1 verbose cli   'https://github.com/machito/animate.less.git',
1 verbose cli   '--save-dev' ]
2 info using npm@1.3.21
3 info using node@v0.10.24
4 warn package.json ic-ux-bounty-board@0.0.0 No repository field.
5 warn package.json ic-ux-bounty-board@0.0.0 No README data
6 warn package.json component-webpack-plugin@0.2.1 No repository field.
7 verbose readDependencies using package.json deps
8 verbose cache add [ 'https://github.com/machito/animate.less.git', null ]
9 verbose cache add name=undefined spec="https://github.com/machito/animate.less.git" args=["https://github.com/machito/animate.less.git",null]
10 verbose parsed url { protocol: 'https:',
10 verbose parsed url   slashes: true,
10 verbose parsed url   auth: null,
10 verbose parsed url   host: 'github.com',
10 verbose parsed url   port: null,
10 verbose parsed url   hostname: 'github.com',
10 verbose parsed url   hash: null,
10 verbose parsed url   search: null,
10 verbose parsed url   query: null,
10 verbose parsed url   pathname: '/machito/animate.less.git',
10 verbose parsed url   path: '/machito/animate.less.git',
10 verbose parsed url   href: 'https://github.com/machito/animate.less.git' }
11 silly lockFile cafb8320-hub-com-machito-animate-less-git https://github.com/machito/animate.less.git
12 verbose lock https://github.com/machito/animate.less.git /Users/cpalmer/.npm/cafb8320-hub-com-machito-animate-less-git.lock
13 verbose addRemoteTarball [ 'https://github.com/machito/animate.less.git', null ]
14 info retry fetch attempt 1 at 14:56:48
15 verbose fetch to= /var/folders/br/5n1jd02514x9bz1js6v69xlng0pm65/T/npm-75851-sGKEZoyO/1428526608014-0.9927885748911649/tmp.tgz
16 http GET https://github.com/machito/animate.less.git
17 http 200 https://github.com/machito/animate.less.git
18 verbose tar unpack /var/folders/br/5n1jd02514x9bz1js6v69xlng0pm65/T/npm-75851-sGKEZoyO/1428526608014-0.9927885748911649/tmp.tgz
19 silly lockFile f0d8c353-08014-0-9927885748911649-package tar:///var/folders/br/5n1jd02514x9bz1js6v69xlng0pm65/T/npm-75851-sGKEZoyO/1428526608014-0.9927885748911649/package
20 verbose lock tar:///var/folders/br/5n1jd02514x9bz1js6v69xlng0pm65/T/npm-75851-sGKEZoyO/1428526608014-0.9927885748911649/package /Users/cpalmer/.npm/f0d8c353-08014-0-9927885748911649-package.lock
21 silly lockFile d78fcbab-08014-0-9927885748911649-tmp-tgz tar:///var/folders/br/5n1jd02514x9bz1js6v69xlng0pm65/T/npm-75851-sGKEZoyO/1428526608014-0.9927885748911649/tmp.tgz
22 verbose lock tar:///var/folders/br/5n1jd02514x9bz1js6v69xlng0pm65/T/npm-75851-sGKEZoyO/1428526608014-0.9927885748911649/tmp.tgz /Users/cpalmer/.npm/d78fcbab-08014-0-9927885748911649-tmp-tgz.lock
23 silly gunzTarPerm modes [ '755', '644' ]
24 error not a package /var/folders/br/5n1jd02514x9bz1js6v69xlng0pm65/T/npm-75851-sGKEZoyO/1428526608014-0.9927885748911649/tmp.tgz
25 silly lockFile f0d8c353-08014-0-9927885748911649-package tar:///var/folders/br/5n1jd02514x9bz1js6v69xlng0pm65/T/npm-75851-sGKEZoyO/1428526608014-0.9927885748911649/package
26 silly lockFile f0d8c353-08014-0-9927885748911649-package tar:///var/folders/br/5n1jd02514x9bz1js6v69xlng0pm65/T/npm-75851-sGKEZoyO/1428526608014-0.9927885748911649/package
27 silly lockFile d78fcbab-08014-0-9927885748911649-tmp-tgz tar:///var/folders/br/5n1jd02514x9bz1js6v69xlng0pm65/T/npm-75851-sGKEZoyO/1428526608014-0.9927885748911649/tmp.tgz
28 silly lockFile d78fcbab-08014-0-9927885748911649-tmp-tgz tar:///var/folders/br/5n1jd02514x9bz1js6v69xlng0pm65/T/npm-75851-sGKEZoyO/1428526608014-0.9927885748911649/tmp.tgz
29 silly lockFile cafb8320-hub-com-machito-animate-less-git https://github.com/machito/animate.less.git
30 silly lockFile cafb8320-hub-com-machito-animate-less-git https://github.com/machito/animate.less.git
31 error Error: ENOENT, open '/var/folders/br/5n1jd02514x9bz1js6v69xlng0pm65/T/npm-75851-sGKEZoyO/1428526608014-0.9927885748911649/package/package.json'
32 error If you need help, you may report this *entire* log,
32 error including the npm and node versions, at:
32 error     <http://github.com/isaacs/npm/issues>
33 error System Darwin 14.1.0
34 error command "/usr/local/Cellar/node/0.10.24/bin/node" "/usr/local/bin/npm" "install" "https://github.com/machito/animate.less.git" "--save-dev"
35 error cwd /Users/cpalmer/instructure/hackweek/ic-ux-bounty-board
36 error node -v v0.10.24
37 error npm -v 1.3.21
38 error path /var/folders/br/5n1jd02514x9bz1js6v69xlng0pm65/T/npm-75851-sGKEZoyO/1428526608014-0.9927885748911649/package/package.json
39 error code ENOENT
40 error errno 34
41 verbose exit [ 34, true ]
